MODEL: xoodoo
FILE: benchmarks/CP/xoodoo/xoodoo.mzn
TEST_START: Fri Jun 13 04:03:22 AM UTC 2025
TIMEOUT: 1200s
SOLVERS: cp-sat chuffed choco
===========================================================

===========================================================
SOLVER: cp-sat
MODEL: xoodoo.mzn
PATH: benchmarks/CP/xoodoo/xoodoo.mzn
TIMEOUT: 1200
START_TIME: Fri Jun 13 04:03:22 AM UTC 2025
-----------------------------------------------------------
=====UNKNOWN=====
-----------------------------------------------------------
END_TIME: Fri Jun 13 04:23:22 AM UTC 2025
SOLVING_TIME: 1200.148763646
RESULT: TIMEOUT

===========================================================
SOLVER: chuffed
MODEL: xoodoo.mzn
PATH: benchmarks/CP/xoodoo/xoodoo.mzn
TIMEOUT: 1200
START_TIME: Fri Jun 13 04:23:22 AM UTC 2025
-----------------------------------------------------------
=====UNKNOWN=====
-----------------------------------------------------------
END_TIME: Fri Jun 13 04:43:22 AM UTC 2025
SOLVING_TIME: 1200.090642594
RESULT: TIMEOUT

===========================================================
SOLVER: choco
MODEL: xoodoo.mzn
PATH: benchmarks/CP/xoodoo/xoodoo.mzn
TIMEOUT: 1200
START_TIME: Fri Jun 13 04:43:22 AM UTC 2025
-----------------------------------------------------------
% Choco-solver (5.0.0-beta.1, 250217_17:45)
=====UNKNOWN=====
%% Unexpected resolution interruption!
-----------------------------------------------------------
END_TIME: Fri Jun 13 05:03:22 AM UTC 2025
SOLVING_TIME: 1200.136398116
RESULT: TIMEOUT

===========================================================
TEST_COMPLETE: Fri Jun 13 05:03:22 AM UTC 2025
TOTAL_SOLVERS: 3
===========================================================
